<?xml version="1.0" encoding="UTF-8"?>
<!-- Generated by org.testng.reporters.JUnitReportReporter -->
<testsuite hostname="DESKTOP-KOJOBGV" failures="0" tests="1" name="com.mohs10.ActionDriver.dataEncryption" time="0.671" errors="0" timestamp="2023-05-26T16:54:31 IST" skipped="0">
  <testcase classname="com.mohs10.ActionDriver.dataEncryption" name="encryptData" time="0.671"/>
  <system-out/>
</testsuite> <!-- com.mohs10.ActionDriver.dataEncryption -->
