<?xml version="1.0" encoding="UTF-8"?>
<!-- Generated by org.testng.reporters.JUnitReportReporter -->
<testsuite hostname="DESKTOP-KOJOBGV" failures="0" tests="1" name="com.mohs10.Report.PDFReportTest" time="5.736" errors="0" timestamp="2023-06-01T12:27:49 IST" skipped="0">
  <testcase classname="com.mohs10.Report.PDFReportTest" name="PDFreports" time="5.736"/>
  <system-out/>
</testsuite> <!-- com.mohs10.Report.PDFReportTest -->
